<?xml version="1.0" encoding="UTF-8"?>
<!-- Generated by org.testng.reporters.JUnitXMLReporter -->
<testsuite ignored="0" hostname="DESKTOP-0HRE68P" failures="1" tests="1" name="Test(failed)(failed)" time="39.579" errors="0" timestamp="2024-05-09T08:11:22 IST">
  <testcase classname="Facebook.Testcase1" name="tc1" time="31.158">
    <failure type="java.lang.AssertionError" message="The following asserts failed:
	expected [Log in to Facebook] but found [Error]">
      <![CDATA[java.lang.AssertionError: The following asserts failed:
expected [Log in to Facebook] but found [Error]
at Facebook.Testcase1.tc1(Testcase1.java:40)
at java.base/java.util.ArrayList.forEach(ArrayList.java:1541)
... Removed 29 stack frames]]>
    </failure>
  </testcase> <!-- tc1 -->
</testsuite> <!-- Test(failed)(failed) -->
